ΓÜá Warning: Next.js inferred your workspace root, but it may not be correct.
 We detected multiple lockfiles and selected the directory of C:\Users\91620\package-lock.json as the root directory.
 To silence this warning, set `turbopack.root` in your Next.js config, or consider removing one of the lockfiles if it's not needed.
   See https://nextjs.org/docs/app/api-reference/config/next-config-js/turbopack#root-directory for more information.
 Detected additional lockfiles: 
   * C:\Users\91620\Desktop\skill-webory\package-lock.json

Γû▓ Next.js 16.1.0-canary.15 (Turbopack)
- Environments: .env.local
- Experiments (use with caution):
  ┬╖ serverActions

  Creating an optimized production build ...
Γ£ô Compiled successfully in 68s
  Running TypeScript ...
Failed to compile.

./src/app/api/upload/kyc-document/route.ts:13:27
Type error: Property 'get' does not exist on type 'FormData'.

  11 |   try {
  12 |     const formData = await req.formData();
> 13 |     const file = formData.get("file") as File;
     |                           ^
  14 |     const empId = formData.get("empId") as string;
  15 |     const empName = formData.get("empName") as string;
  16 |     const documentType = formData.get("documentType") as string;
Next.js build worker exited with code: 1 and signal: null
