
> skill-webory@0.1.0 build
> next build

 ΓÜá Warning: Next.js inferred your workspace root, but it may not be correct.
 We detected multiple lockfiles and selected the directory of C:\Users\91620\package-lock.json as the root directory.
 To silence this warning, set `turbopack.root` in your Next.js config, or consider removing one of the lockfiles if it's not needed.
   See https://nextjs.org/docs/app/api-reference/config/next-config-js/turbopack#root-directory for more information.
 Detected additional lockfiles: 
   * C:\Users\91620\Desktop\skill-webory\package-lock.json

   Γû▓ Next.js 16.0.3 (Turbopack)

   Creating an optimized production build ...
 Γ£ô Compiled successfully in 10.4s
   Running TypeScript ...
   Collecting page data using 12 workers ...
   Generating static pages using 12 workers (0/7) ...
   Generating static pages using 12 workers (1/7) 
   Generating static pages using 12 workers (3/7) 
   Generating static pages using 12 workers (5/7) 
 Γ£ô Generating static pages using 12 workers (7/7) in 1117.8ms
   Finalizing page optimization ...

Route (app)
Γöî Γùï /
Γö£ Γùï /_not-found
Γö£ Γùï /courses
Γö£ Γùï /internships
Γö£ Γùï /login
Γöö Γùï /signup


Γùï  (Static)  prerendered as static content

