ΓÜá Warning: Next.js inferred your workspace root, but it may not be correct.
 We detected multiple lockfiles and selected the directory of C:\Users\91620\package-lock.json as the root directory.
 To silence this warning, set `turbopack.root` in your Next.js config, or consider removing one of the lockfiles if it's not needed.
   See https://nextjs.org/docs/app/api-reference/config/next-config-js/turbopack#root-directory for more information.
 Detected additional lockfiles: 
   * C:\Users\91620\Desktop\skill-webory\package-lock.json

Γû▓ Next.js 16.1.0-canary.15 (Turbopack)
- Environments: .env.local
- Experiments (use with caution):
  ┬╖ serverActions

  Creating an optimized production build ...
Γ£ô Compiled successfully in 78s
  Running TypeScript ...
Failed to compile.

./src/models/EmployeeVerification.ts:90:3
Type error: This expression is not callable.
  Type 'Record<string, any>' has no call signatures.

  88 |     this.employeeId = `WS-${String(nextNum).padStart(4, "0")}`;
  89 |   }
> 90 |   next();
     |   ^
  91 | });
  92 |
  93 | // Indexes
Next.js build worker exited with code: 1 and signal: null
